CRITICAL - 2025-02-01 10:06:09 --> Invalid file: impresion_PDF.php
#0 C:\xampp\htdocs\MultirubroBlass\system\View\View.php(198): CodeIgniter\Exceptions\FrameworkException::forInvalidFile('impresion_PDF.p...')
#1 C:\xampp\htdocs\MultirubroBlass\system\Common.php(1089): CodeIgniter\View\View->render('impresion_PDF', Array, true)
#2 C:\xampp\htdocs\MultirubroBlass\app\Controllers\Carrito_controller.php(576): view('impresion_PDF', Array)
#3 C:\xampp\htdocs\MultirubroBlass\system\CodeIgniter.php(832): App\Controllers\Carrito_controller->generarTicketPDF('193')
#4 C:\xampp\htdocs\MultirubroBlass\system\CodeIgniter.php(419): CodeIgniter\CodeIgniter->runController(Object(App\Controllers\Carrito_controller))
#5 C:\xampp\htdocs\MultirubroBlass\system\CodeIgniter.php(326): CodeIgniter\CodeIgniter->handleRequest(NULL, Object(Config\Cache), false)
#6 C:\xampp\htdocs\MultirubroBlass\index.php(45): CodeIgniter\CodeIgniter->run()
#7 {main}
CRITICAL - 2025-02-01 10:07:57 --> Undefined variable $usuario
#0 C:\xampp\htdocs\MultirubroBlass\app\Views\facturacion\impresion_PDF.php(94): CodeIgniter\Debug\Exceptions->errorHandler(2, 'Undefined varia...', 'C:\\xampp\\htdocs...', 94)
#1 C:\xampp\htdocs\MultirubroBlass\system\View\View.php(210): include('C:\\xampp\\htdocs...')
#2 C:\xampp\htdocs\MultirubroBlass\system\View\View.php(213): CodeIgniter\View\View->CodeIgniter\View\{closure}()
#3 C:\xampp\htdocs\MultirubroBlass\system\Common.php(1089): CodeIgniter\View\View->render('facturacion/imp...', Array, true)
#4 C:\xampp\htdocs\MultirubroBlass\app\Controllers\Carrito_controller.php(576): view('facturacion/imp...', Array)
#5 C:\xampp\htdocs\MultirubroBlass\system\CodeIgniter.php(832): App\Controllers\Carrito_controller->generarTicketPDF('194')
#6 C:\xampp\htdocs\MultirubroBlass\system\CodeIgniter.php(419): CodeIgniter\CodeIgniter->runController(Object(App\Controllers\Carrito_controller))
#7 C:\xampp\htdocs\MultirubroBlass\system\CodeIgniter.php(326): CodeIgniter\CodeIgniter->handleRequest(NULL, Object(Config\Cache), false)
#8 C:\xampp\htdocs\MultirubroBlass\index.php(45): CodeIgniter\CodeIgniter->run()
#9 {main}
CRITICAL - 2025-02-01 10:11:23 --> Undefined array key 0
#0 C:\xampp\htdocs\MultirubroBlass\app\Views\facturacion\impresion_PDF.php(111): CodeIgniter\Debug\Exceptions->errorHandler(2, 'Undefined array...', 'C:\\xampp\\htdocs...', 111)
#1 C:\xampp\htdocs\MultirubroBlass\system\View\View.php(210): include('C:\\xampp\\htdocs...')
#2 C:\xampp\htdocs\MultirubroBlass\system\View\View.php(213): CodeIgniter\View\View->CodeIgniter\View\{closure}()
#3 C:\xampp\htdocs\MultirubroBlass\system\Common.php(1089): CodeIgniter\View\View->render('facturacion/imp...', Array, true)
#4 C:\xampp\htdocs\MultirubroBlass\app\Controllers\Carrito_controller.php(576): view('facturacion/imp...', Array)
#5 C:\xampp\htdocs\MultirubroBlass\system\CodeIgniter.php(832): App\Controllers\Carrito_controller->generarTicketPDF('194')
#6 C:\xampp\htdocs\MultirubroBlass\system\CodeIgniter.php(419): CodeIgniter\CodeIgniter->runController(Object(App\Controllers\Carrito_controller))
#7 C:\xampp\htdocs\MultirubroBlass\system\CodeIgniter.php(326): CodeIgniter\CodeIgniter->handleRequest(NULL, Object(Config\Cache), false)
#8 C:\xampp\htdocs\MultirubroBlass\index.php(45): CodeIgniter\CodeIgniter->run()
#9 {main}
CRITICAL - 2025-02-01 10:12:55 --> Undefined array key 0
#0 C:\xampp\htdocs\MultirubroBlass\app\Views\facturacion\impresion_PDF.php(111): CodeIgniter\Debug\Exceptions->errorHandler(2, 'Undefined array...', 'C:\\xampp\\htdocs...', 111)
#1 C:\xampp\htdocs\MultirubroBlass\system\View\View.php(210): include('C:\\xampp\\htdocs...')
#2 C:\xampp\htdocs\MultirubroBlass\system\View\View.php(213): CodeIgniter\View\View->CodeIgniter\View\{closure}()
#3 C:\xampp\htdocs\MultirubroBlass\system\Common.php(1089): CodeIgniter\View\View->render('facturacion/imp...', Array, true)
#4 C:\xampp\htdocs\MultirubroBlass\app\Controllers\Carrito_controller.php(576): view('facturacion/imp...', Array)
#5 C:\xampp\htdocs\MultirubroBlass\system\CodeIgniter.php(832): App\Controllers\Carrito_controller->generarTicketPDF('195')
#6 C:\xampp\htdocs\MultirubroBlass\system\CodeIgniter.php(419): CodeIgniter\CodeIgniter->runController(Object(App\Controllers\Carrito_controller))
#7 C:\xampp\htdocs\MultirubroBlass\system\CodeIgniter.php(326): CodeIgniter\CodeIgniter->handleRequest(NULL, Object(Config\Cache), false)
#8 C:\xampp\htdocs\MultirubroBlass\index.php(45): CodeIgniter\CodeIgniter->run()
#9 {main}
