CRITICAL - 2025-01-26 06:47:34 --> Undefined variable $turnos
#0 C:\xampp\htdocs\MultirubroBlass\app\Views\pedidos\pedidosDeDiaDistinto_alActual.php(86): CodeIgniter\Debug\Exceptions->errorHandler(2, 'Undefined varia...', 'C:\\xampp\\htdocs...', 86)
#1 C:\xampp\htdocs\MultirubroBlass\system\View\View.php(210): include('C:\\xampp\\htdocs...')
#2 C:\xampp\htdocs\MultirubroBlass\system\View\View.php(213): CodeIgniter\View\View->CodeIgniter\View\{closure}()
#3 C:\xampp\htdocs\MultirubroBlass\system\Common.php(1089): CodeIgniter\View\View->render('pedidos/pedidos...', Array, true)
#4 C:\xampp\htdocs\MultirubroBlass\app\Controllers\Pedidos_controller.php(58): view('pedidos/pedidos...', Array)
#5 C:\xampp\htdocs\MultirubroBlass\system\CodeIgniter.php(832): App\Controllers\Pedidos_controller->PedidosTodos()
#6 C:\xampp\htdocs\MultirubroBlass\system\CodeIgniter.php(419): CodeIgniter\CodeIgniter->runController(Object(App\Controllers\Pedidos_controller))
#7 C:\xampp\htdocs\MultirubroBlass\system\CodeIgniter.php(326): CodeIgniter\CodeIgniter->handleRequest(NULL, Object(Config\Cache), false)
#8 C:\xampp\htdocs\MultirubroBlass\index.php(45): CodeIgniter\CodeIgniter->run()
#9 {main}
CRITICAL - 2025-01-26 06:48:43 --> Undefined variable $barbers
#0 C:\xampp\htdocs\MultirubroBlass\app\Views\pedidos\pedidosDeDiaDistinto_alActual.php(99): CodeIgniter\Debug\Exceptions->errorHandler(2, 'Undefined varia...', 'C:\\xampp\\htdocs...', 99)
#1 C:\xampp\htdocs\MultirubroBlass\system\View\View.php(210): include('C:\\xampp\\htdocs...')
#2 C:\xampp\htdocs\MultirubroBlass\system\View\View.php(213): CodeIgniter\View\View->CodeIgniter\View\{closure}()
#3 C:\xampp\htdocs\MultirubroBlass\system\Common.php(1089): CodeIgniter\View\View->render('pedidos/pedidos...', Array, true)
#4 C:\xampp\htdocs\MultirubroBlass\app\Controllers\Pedidos_controller.php(58): view('pedidos/pedidos...', Array)
#5 C:\xampp\htdocs\MultirubroBlass\system\CodeIgniter.php(832): App\Controllers\Pedidos_controller->PedidosTodos()
#6 C:\xampp\htdocs\MultirubroBlass\system\CodeIgniter.php(419): CodeIgniter\CodeIgniter->runController(Object(App\Controllers\Pedidos_controller))
#7 C:\xampp\htdocs\MultirubroBlass\system\CodeIgniter.php(326): CodeIgniter\CodeIgniter->handleRequest(NULL, Object(Config\Cache), false)
#8 C:\xampp\htdocs\MultirubroBlass\index.php(45): CodeIgniter\CodeIgniter->run()
#9 {main}
CRITICAL - 2025-01-26 06:49:11 --> Undefined array key "id_barber"
#0 C:\xampp\htdocs\MultirubroBlass\app\Views\pedidos\pedidosDeDiaDistinto_alActual.php(100): CodeIgniter\Debug\Exceptions->errorHandler(2, 'Undefined array...', 'C:\\xampp\\htdocs...', 100)
#1 C:\xampp\htdocs\MultirubroBlass\system\View\View.php(210): include('C:\\xampp\\htdocs...')
#2 C:\xampp\htdocs\MultirubroBlass\system\View\View.php(213): CodeIgniter\View\View->CodeIgniter\View\{closure}()
#3 C:\xampp\htdocs\MultirubroBlass\system\Common.php(1089): CodeIgniter\View\View->render('pedidos/pedidos...', Array, true)
#4 C:\xampp\htdocs\MultirubroBlass\app\Controllers\Pedidos_controller.php(58): view('pedidos/pedidos...', Array)
#5 C:\xampp\htdocs\MultirubroBlass\system\CodeIgniter.php(832): App\Controllers\Pedidos_controller->PedidosTodos()
#6 C:\xampp\htdocs\MultirubroBlass\system\CodeIgniter.php(419): CodeIgniter\CodeIgniter->runController(Object(App\Controllers\Pedidos_controller))
#7 C:\xampp\htdocs\MultirubroBlass\system\CodeIgniter.php(326): CodeIgniter\CodeIgniter->handleRequest(NULL, Object(Config\Cache), false)
#8 C:\xampp\htdocs\MultirubroBlass\index.php(45): CodeIgniter\CodeIgniter->run()
#9 {main}
CRITICAL - 2025-01-26 06:50:52 --> Undefined variable $barbers
#0 C:\xampp\htdocs\MultirubroBlass\app\Views\pedidos\pedidosCompletados.php(43): CodeIgniter\Debug\Exceptions->errorHandler(2, 'Undefined varia...', 'C:\\xampp\\htdocs...', 43)
#1 C:\xampp\htdocs\MultirubroBlass\system\View\View.php(210): include('C:\\xampp\\htdocs...')
#2 C:\xampp\htdocs\MultirubroBlass\system\View\View.php(213): CodeIgniter\View\View->CodeIgniter\View\{closure}()
#3 C:\xampp\htdocs\MultirubroBlass\system\Common.php(1089): CodeIgniter\View\View->render('pedidos/pedidos...', Array, true)
#4 C:\xampp\htdocs\MultirubroBlass\app\Controllers\Pedidos_controller.php(282): view('pedidos/pedidos...', Array)
#5 C:\xampp\htdocs\MultirubroBlass\system\CodeIgniter.php(832): App\Controllers\Pedidos_controller->pedidosCompletados()
#6 C:\xampp\htdocs\MultirubroBlass\system\CodeIgniter.php(419): CodeIgniter\CodeIgniter->runController(Object(App\Controllers\Pedidos_controller))
#7 C:\xampp\htdocs\MultirubroBlass\system\CodeIgniter.php(326): CodeIgniter\CodeIgniter->handleRequest(NULL, Object(Config\Cache), false)
#8 C:\xampp\htdocs\MultirubroBlass\index.php(45): CodeIgniter\CodeIgniter->run()
#9 {main}
CRITICAL - 2025-01-26 06:59:02 --> Call to undefined method App\Models\Pedidos_model::actualizar_pedido
#0 C:\xampp\htdocs\MultirubroBlass\app\Controllers\Pedidos_controller.php(211): CodeIgniter\Model->__call('actualizar_pedi...', Array)
#1 C:\xampp\htdocs\MultirubroBlass\system\CodeIgniter.php(832): App\Controllers\Pedidos_controller->pedido_actualizar('81')
#2 C:\xampp\htdocs\MultirubroBlass\system\CodeIgniter.php(419): CodeIgniter\CodeIgniter->runController(Object(App\Controllers\Pedidos_controller))
#3 C:\xampp\htdocs\MultirubroBlass\system\CodeIgniter.php(326): CodeIgniter\CodeIgniter->handleRequest(NULL, Object(Config\Cache), false)
#4 C:\xampp\htdocs\MultirubroBlass\index.php(45): CodeIgniter\CodeIgniter->run()
#5 {main}
CRITICAL - 2025-01-26 07:02:43 --> Call to undefined method App\Models\Pedidos_model::actualizar_pedido
#0 C:\xampp\htdocs\MultirubroBlass\app\Controllers\Pedidos_controller.php(211): CodeIgniter\Model->__call('actualizar_pedi...', Array)
#1 C:\xampp\htdocs\MultirubroBlass\system\CodeIgniter.php(832): App\Controllers\Pedidos_controller->pedido_actualizar('81')
#2 C:\xampp\htdocs\MultirubroBlass\system\CodeIgniter.php(419): CodeIgniter\CodeIgniter->runController(Object(App\Controllers\Pedidos_controller))
#3 C:\xampp\htdocs\MultirubroBlass\system\CodeIgniter.php(326): CodeIgniter\CodeIgniter->handleRequest(NULL, Object(Config\Cache), false)
#4 C:\xampp\htdocs\MultirubroBlass\index.php(45): CodeIgniter\CodeIgniter->run()
#5 {main}
ERROR - 2025-01-26 07:03:26 --> Cannot add or update a child row: a foreign key constraint fails (`multirubro`.`pedidos`, CONSTRAINT `pedidos_ibfk_2` FOREIGN KEY (`id_usuario`) REFERENCES `usuarios` (`id`))
CRITICAL - 2025-01-26 07:03:26 --> Cannot add or update a child row: a foreign key constraint fails (`multirubro`.`pedidos`, CONSTRAINT `pedidos_ibfk_2` FOREIGN KEY (`id_usuario`) REFERENCES `usuarios` (`id`))
#0 C:\xampp\htdocs\MultirubroBlass\system\Database\MySQLi\Connection.php(292): mysqli->query('UPDATE `pedidos...', 0)
#1 C:\xampp\htdocs\MultirubroBlass\system\Database\BaseConnection.php(670): CodeIgniter\Database\MySQLi\Connection->execute('UPDATE `pedidos...')
#2 C:\xampp\htdocs\MultirubroBlass\system\Database\BaseConnection.php(598): CodeIgniter\Database\BaseConnection->simpleQuery('UPDATE `pedidos...')
#3 C:\xampp\htdocs\MultirubroBlass\system\Database\BaseBuilder.php(1913): CodeIgniter\Database\BaseConnection->query('UPDATE `pedidos...', Array, false)
#4 C:\xampp\htdocs\MultirubroBlass\app\Models\Pedidos_model.php(18): CodeIgniter\Database\BaseBuilder->update(Array)
#5 C:\xampp\htdocs\MultirubroBlass\app\Controllers\Pedidos_controller.php(211): App\Models\Pedidos_model->actualizar_pedido('81', Array)
#6 C:\xampp\htdocs\MultirubroBlass\system\CodeIgniter.php(832): App\Controllers\Pedidos_controller->pedido_actualizar('81')
#7 C:\xampp\htdocs\MultirubroBlass\system\CodeIgniter.php(419): CodeIgniter\CodeIgniter->runController(Object(App\Controllers\Pedidos_controller))
#8 C:\xampp\htdocs\MultirubroBlass\system\CodeIgniter.php(326): CodeIgniter\CodeIgniter->handleRequest(NULL, Object(Config\Cache), false)
#9 C:\xampp\htdocs\MultirubroBlass\index.php(45): CodeIgniter\CodeIgniter->run()
#10 {main}
ERROR - 2025-01-26 07:05:44 --> Cannot add or update a child row: a foreign key constraint fails (`multirubro`.`pedidos`, CONSTRAINT `pedidos_ibfk_2` FOREIGN KEY (`id_usuario`) REFERENCES `usuarios` (`id`))
CRITICAL - 2025-01-26 07:05:44 --> Cannot add or update a child row: a foreign key constraint fails (`multirubro`.`pedidos`, CONSTRAINT `pedidos_ibfk_2` FOREIGN KEY (`id_usuario`) REFERENCES `usuarios` (`id`))
#0 C:\xampp\htdocs\MultirubroBlass\system\Database\MySQLi\Connection.php(292): mysqli->query('UPDATE `pedidos...', 0)
#1 C:\xampp\htdocs\MultirubroBlass\system\Database\BaseConnection.php(670): CodeIgniter\Database\MySQLi\Connection->execute('UPDATE `pedidos...')
#2 C:\xampp\htdocs\MultirubroBlass\system\Database\BaseConnection.php(598): CodeIgniter\Database\BaseConnection->simpleQuery('UPDATE `pedidos...')
#3 C:\xampp\htdocs\MultirubroBlass\system\Database\BaseBuilder.php(1913): CodeIgniter\Database\BaseConnection->query('UPDATE `pedidos...', Array, false)
#4 C:\xampp\htdocs\MultirubroBlass\app\Models\Pedidos_model.php(18): CodeIgniter\Database\BaseBuilder->update(Array)
#5 C:\xampp\htdocs\MultirubroBlass\app\Controllers\Pedidos_controller.php(211): App\Models\Pedidos_model->actualizar_pedido('81', Array)
#6 C:\xampp\htdocs\MultirubroBlass\system\CodeIgniter.php(832): App\Controllers\Pedidos_controller->pedido_actualizar('81')
#7 C:\xampp\htdocs\MultirubroBlass\system\CodeIgniter.php(419): CodeIgniter\CodeIgniter->runController(Object(App\Controllers\Pedidos_controller))
#8 C:\xampp\htdocs\MultirubroBlass\system\CodeIgniter.php(326): CodeIgniter\CodeIgniter->handleRequest(NULL, Object(Config\Cache), false)
#9 C:\xampp\htdocs\MultirubroBlass\index.php(45): CodeIgniter\CodeIgniter->run()
#10 {main}
CRITICAL - 2025-01-26 07:08:41 --> Undefined variable $trn
#0 C:\xampp\htdocs\MultirubroBlass\app\Views\pedidos\ListaPedidos_view.php(147): CodeIgniter\Debug\Exceptions->errorHandler(2, 'Undefined varia...', 'C:\\xampp\\htdocs...', 147)
#1 C:\xampp\htdocs\MultirubroBlass\system\View\View.php(210): include('C:\\xampp\\htdocs...')
#2 C:\xampp\htdocs\MultirubroBlass\system\View\View.php(213): CodeIgniter\View\View->CodeIgniter\View\{closure}()
#3 C:\xampp\htdocs\MultirubroBlass\system\Common.php(1089): CodeIgniter\View\View->render('pedidos/ListaPe...', Array, true)
#4 C:\xampp\htdocs\MultirubroBlass\app\Controllers\Pedidos_controller.php(39): view('pedidos/ListaPe...', Array)
#5 C:\xampp\htdocs\MultirubroBlass\system\CodeIgniter.php(832): App\Controllers\Pedidos_controller->ListarPedidos()
#6 C:\xampp\htdocs\MultirubroBlass\system\CodeIgniter.php(419): CodeIgniter\CodeIgniter->runController(Object(App\Controllers\Pedidos_controller))
#7 C:\xampp\htdocs\MultirubroBlass\system\CodeIgniter.php(326): CodeIgniter\CodeIgniter->handleRequest(NULL, Object(Config\Cache), false)
#8 C:\xampp\htdocs\MultirubroBlass\index.php(45): CodeIgniter\CodeIgniter->run()
#9 {main}
CRITICAL - 2025-01-26 07:09:27 --> Undefined array key "id_usuario"
#0 C:\xampp\htdocs\MultirubroBlass\app\Views\pedidos\ListaPedidos_view.php(147): CodeIgniter\Debug\Exceptions->errorHandler(2, 'Undefined array...', 'C:\\xampp\\htdocs...', 147)
#1 C:\xampp\htdocs\MultirubroBlass\system\View\View.php(210): include('C:\\xampp\\htdocs...')
#2 C:\xampp\htdocs\MultirubroBlass\system\View\View.php(213): CodeIgniter\View\View->CodeIgniter\View\{closure}()
#3 C:\xampp\htdocs\MultirubroBlass\system\Common.php(1089): CodeIgniter\View\View->render('pedidos/ListaPe...', Array, true)
#4 C:\xampp\htdocs\MultirubroBlass\app\Controllers\Pedidos_controller.php(39): view('pedidos/ListaPe...', Array)
#5 C:\xampp\htdocs\MultirubroBlass\system\CodeIgniter.php(832): App\Controllers\Pedidos_controller->ListarPedidos()
#6 C:\xampp\htdocs\MultirubroBlass\system\CodeIgniter.php(419): CodeIgniter\CodeIgniter->runController(Object(App\Controllers\Pedidos_controller))
#7 C:\xampp\htdocs\MultirubroBlass\system\CodeIgniter.php(326): CodeIgniter\CodeIgniter->handleRequest(NULL, Object(Config\Cache), false)
#8 C:\xampp\htdocs\MultirubroBlass\index.php(45): CodeIgniter\CodeIgniter->run()
#9 {main}
CRITICAL - 2025-01-26 07:09:48 --> Undefined array key "id_usuario"
#0 C:\xampp\htdocs\MultirubroBlass\app\Views\pedidos\ListaPedidos_view.php(147): CodeIgniter\Debug\Exceptions->errorHandler(2, 'Undefined array...', 'C:\\xampp\\htdocs...', 147)
#1 C:\xampp\htdocs\MultirubroBlass\system\View\View.php(210): include('C:\\xampp\\htdocs...')
#2 C:\xampp\htdocs\MultirubroBlass\system\View\View.php(213): CodeIgniter\View\View->CodeIgniter\View\{closure}()
#3 C:\xampp\htdocs\MultirubroBlass\system\Common.php(1089): CodeIgniter\View\View->render('pedidos/ListaPe...', Array, true)
#4 C:\xampp\htdocs\MultirubroBlass\app\Controllers\Pedidos_controller.php(39): view('pedidos/ListaPe...', Array)
#5 C:\xampp\htdocs\MultirubroBlass\system\CodeIgniter.php(832): App\Controllers\Pedidos_controller->ListarPedidos()
#6 C:\xampp\htdocs\MultirubroBlass\system\CodeIgniter.php(419): CodeIgniter\CodeIgniter->runController(Object(App\Controllers\Pedidos_controller))
#7 C:\xampp\htdocs\MultirubroBlass\system\CodeIgniter.php(326): CodeIgniter\CodeIgniter->handleRequest(NULL, Object(Config\Cache), false)
#8 C:\xampp\htdocs\MultirubroBlass\index.php(45): CodeIgniter\CodeIgniter->run()
#9 {main}
CRITICAL - 2025-01-26 07:12:07 --> Undefined variable $trn
#0 C:\xampp\htdocs\MultirubroBlass\app\Views\pedidos\ListaPedidos_view.php(147): CodeIgniter\Debug\Exceptions->errorHandler(2, 'Undefined varia...', 'C:\\xampp\\htdocs...', 147)
#1 C:\xampp\htdocs\MultirubroBlass\system\View\View.php(210): include('C:\\xampp\\htdocs...')
#2 C:\xampp\htdocs\MultirubroBlass\system\View\View.php(213): CodeIgniter\View\View->CodeIgniter\View\{closure}()
#3 C:\xampp\htdocs\MultirubroBlass\system\Common.php(1089): CodeIgniter\View\View->render('pedidos/ListaPe...', Array, true)
#4 C:\xampp\htdocs\MultirubroBlass\app\Controllers\Pedidos_controller.php(39): view('pedidos/ListaPe...', Array)
#5 C:\xampp\htdocs\MultirubroBlass\system\CodeIgniter.php(832): App\Controllers\Pedidos_controller->ListarPedidos()
#6 C:\xampp\htdocs\MultirubroBlass\system\CodeIgniter.php(419): CodeIgniter\CodeIgniter->runController(Object(App\Controllers\Pedidos_controller))
#7 C:\xampp\htdocs\MultirubroBlass\system\CodeIgniter.php(326): CodeIgniter\CodeIgniter->handleRequest(NULL, Object(Config\Cache), false)
#8 C:\xampp\htdocs\MultirubroBlass\index.php(45): CodeIgniter\CodeIgniter->run()
#9 {main}
ERROR - 2025-01-26 07:14:08 --> Cannot add or update a child row: a foreign key constraint fails (`multirubro`.`pedidos`, CONSTRAINT `pedidos_ibfk_2` FOREIGN KEY (`id_usuario`) REFERENCES `usuarios` (`id`))
CRITICAL - 2025-01-26 07:14:08 --> Cannot add or update a child row: a foreign key constraint fails (`multirubro`.`pedidos`, CONSTRAINT `pedidos_ibfk_2` FOREIGN KEY (`id_usuario`) REFERENCES `usuarios` (`id`))
#0 C:\xampp\htdocs\MultirubroBlass\system\Database\MySQLi\Connection.php(292): mysqli->query('UPDATE `pedidos...', 0)
#1 C:\xampp\htdocs\MultirubroBlass\system\Database\BaseConnection.php(670): CodeIgniter\Database\MySQLi\Connection->execute('UPDATE `pedidos...')
#2 C:\xampp\htdocs\MultirubroBlass\system\Database\BaseConnection.php(598): CodeIgniter\Database\BaseConnection->simpleQuery('UPDATE `pedidos...')
#3 C:\xampp\htdocs\MultirubroBlass\system\Database\BaseBuilder.php(1913): CodeIgniter\Database\BaseConnection->query('UPDATE `pedidos...', Array, false)
#4 C:\xampp\htdocs\MultirubroBlass\app\Models\Pedidos_model.php(18): CodeIgniter\Database\BaseBuilder->update(Array)
#5 C:\xampp\htdocs\MultirubroBlass\app\Controllers\Pedidos_controller.php(211): App\Models\Pedidos_model->actualizar_pedido('81', Array)
#6 C:\xampp\htdocs\MultirubroBlass\system\CodeIgniter.php(832): App\Controllers\Pedidos_controller->pedido_actualizar('81')
#7 C:\xampp\htdocs\MultirubroBlass\system\CodeIgniter.php(419): CodeIgniter\CodeIgniter->runController(Object(App\Controllers\Pedidos_controller))
#8 C:\xampp\htdocs\MultirubroBlass\system\CodeIgniter.php(326): CodeIgniter\CodeIgniter->handleRequest(NULL, Object(Config\Cache), false)
#9 C:\xampp\htdocs\MultirubroBlass\index.php(45): CodeIgniter\CodeIgniter->run()
#10 {main}
CRITICAL - 2025-01-26 07:16:54 --> Undefined variable $p
#0 C:\xampp\htdocs\MultirubroBlass\app\Views\pedidos\pedidosDeDiaDistinto_alActual.php(100): CodeIgniter\Debug\Exceptions->errorHandler(2, 'Undefined varia...', 'C:\\xampp\\htdocs...', 100)
#1 C:\xampp\htdocs\MultirubroBlass\system\View\View.php(210): include('C:\\xampp\\htdocs...')
#2 C:\xampp\htdocs\MultirubroBlass\system\View\View.php(213): CodeIgniter\View\View->CodeIgniter\View\{closure}()
#3 C:\xampp\htdocs\MultirubroBlass\system\Common.php(1089): CodeIgniter\View\View->render('pedidos/pedidos...', Array, true)
#4 C:\xampp\htdocs\MultirubroBlass\app\Controllers\Pedidos_controller.php(58): view('pedidos/pedidos...', Array)
#5 C:\xampp\htdocs\MultirubroBlass\system\CodeIgniter.php(832): App\Controllers\Pedidos_controller->PedidosTodos()
#6 C:\xampp\htdocs\MultirubroBlass\system\CodeIgniter.php(419): CodeIgniter\CodeIgniter->runController(Object(App\Controllers\Pedidos_controller))
#7 C:\xampp\htdocs\MultirubroBlass\system\CodeIgniter.php(326): CodeIgniter\CodeIgniter->handleRequest(NULL, Object(Config\Cache), false)
#8 C:\xampp\htdocs\MultirubroBlass\index.php(45): CodeIgniter\CodeIgniter->run()
#9 {main}
CRITICAL - 2025-01-26 07:16:55 --> Undefined variable $p
#0 C:\xampp\htdocs\MultirubroBlass\app\Views\pedidos\pedidosDeDiaDistinto_alActual.php(100): CodeIgniter\Debug\Exceptions->errorHandler(2, 'Undefined varia...', 'C:\\xampp\\htdocs...', 100)
#1 C:\xampp\htdocs\MultirubroBlass\system\View\View.php(210): include('C:\\xampp\\htdocs...')
#2 C:\xampp\htdocs\MultirubroBlass\system\View\View.php(213): CodeIgniter\View\View->CodeIgniter\View\{closure}()
#3 C:\xampp\htdocs\MultirubroBlass\system\Common.php(1089): CodeIgniter\View\View->render('pedidos/pedidos...', Array, true)
#4 C:\xampp\htdocs\MultirubroBlass\app\Controllers\Pedidos_controller.php(58): view('pedidos/pedidos...', Array)
#5 C:\xampp\htdocs\MultirubroBlass\system\CodeIgniter.php(832): App\Controllers\Pedidos_controller->PedidosTodos()
#6 C:\xampp\htdocs\MultirubroBlass\system\CodeIgniter.php(419): CodeIgniter\CodeIgniter->runController(Object(App\Controllers\Pedidos_controller))
#7 C:\xampp\htdocs\MultirubroBlass\system\CodeIgniter.php(326): CodeIgniter\CodeIgniter->handleRequest(NULL, Object(Config\Cache), false)
#8 C:\xampp\htdocs\MultirubroBlass\index.php(45): CodeIgniter\CodeIgniter->run()
#9 {main}
CRITICAL - 2025-01-26 07:17:01 --> Undefined variable $p
#0 C:\xampp\htdocs\MultirubroBlass\app\Views\pedidos\pedidosDeDiaDistinto_alActual.php(100): CodeIgniter\Debug\Exceptions->errorHandler(2, 'Undefined varia...', 'C:\\xampp\\htdocs...', 100)
#1 C:\xampp\htdocs\MultirubroBlass\system\View\View.php(210): include('C:\\xampp\\htdocs...')
#2 C:\xampp\htdocs\MultirubroBlass\system\View\View.php(213): CodeIgniter\View\View->CodeIgniter\View\{closure}()
#3 C:\xampp\htdocs\MultirubroBlass\system\Common.php(1089): CodeIgniter\View\View->render('pedidos/pedidos...', Array, true)
#4 C:\xampp\htdocs\MultirubroBlass\app\Controllers\Pedidos_controller.php(58): view('pedidos/pedidos...', Array)
#5 C:\xampp\htdocs\MultirubroBlass\system\CodeIgniter.php(832): App\Controllers\Pedidos_controller->PedidosTodos()
#6 C:\xampp\htdocs\MultirubroBlass\system\CodeIgniter.php(419): CodeIgniter\CodeIgniter->runController(Object(App\Controllers\Pedidos_controller))
#7 C:\xampp\htdocs\MultirubroBlass\system\CodeIgniter.php(326): CodeIgniter\CodeIgniter->handleRequest(NULL, Object(Config\Cache), false)
#8 C:\xampp\htdocs\MultirubroBlass\index.php(45): CodeIgniter\CodeIgniter->run()
#9 {main}
CRITICAL - 2025-01-26 07:17:38 --> Undefined variable $p
#0 C:\xampp\htdocs\MultirubroBlass\app\Views\pedidos\pedidosDeDiaDistinto_alActual.php(100): CodeIgniter\Debug\Exceptions->errorHandler(2, 'Undefined varia...', 'C:\\xampp\\htdocs...', 100)
#1 C:\xampp\htdocs\MultirubroBlass\system\View\View.php(210): include('C:\\xampp\\htdocs...')
#2 C:\xampp\htdocs\MultirubroBlass\system\View\View.php(213): CodeIgniter\View\View->CodeIgniter\View\{closure}()
#3 C:\xampp\htdocs\MultirubroBlass\system\Common.php(1089): CodeIgniter\View\View->render('pedidos/pedidos...', Array, true)
#4 C:\xampp\htdocs\MultirubroBlass\app\Controllers\Pedidos_controller.php(58): view('pedidos/pedidos...', Array)
#5 C:\xampp\htdocs\MultirubroBlass\system\CodeIgniter.php(832): App\Controllers\Pedidos_controller->PedidosTodos()
#6 C:\xampp\htdocs\MultirubroBlass\system\CodeIgniter.php(419): CodeIgniter\CodeIgniter->runController(Object(App\Controllers\Pedidos_controller))
#7 C:\xampp\htdocs\MultirubroBlass\system\CodeIgniter.php(326): CodeIgniter\CodeIgniter->handleRequest(NULL, Object(Config\Cache), false)
#8 C:\xampp\htdocs\MultirubroBlass\index.php(45): CodeIgniter\CodeIgniter->run()
#9 {main}
ERROR - 2025-01-26 07:18:27 --> Cannot add or update a child row: a foreign key constraint fails (`multirubro`.`pedidos`, CONSTRAINT `pedidos_ibfk_2` FOREIGN KEY (`id_usuario`) REFERENCES `usuarios` (`id`))
CRITICAL - 2025-01-26 07:18:27 --> Cannot add or update a child row: a foreign key constraint fails (`multirubro`.`pedidos`, CONSTRAINT `pedidos_ibfk_2` FOREIGN KEY (`id_usuario`) REFERENCES `usuarios` (`id`))
#0 C:\xampp\htdocs\MultirubroBlass\system\Database\MySQLi\Connection.php(292): mysqli->query('UPDATE `pedidos...', 0)
#1 C:\xampp\htdocs\MultirubroBlass\system\Database\BaseConnection.php(670): CodeIgniter\Database\MySQLi\Connection->execute('UPDATE `pedidos...')
#2 C:\xampp\htdocs\MultirubroBlass\system\Database\BaseConnection.php(598): CodeIgniter\Database\BaseConnection->simpleQuery('UPDATE `pedidos...')
#3 C:\xampp\htdocs\MultirubroBlass\system\Database\BaseBuilder.php(1913): CodeIgniter\Database\BaseConnection->query('UPDATE `pedidos...', Array, false)
#4 C:\xampp\htdocs\MultirubroBlass\app\Models\Pedidos_model.php(18): CodeIgniter\Database\BaseBuilder->update(Array)
#5 C:\xampp\htdocs\MultirubroBlass\app\Controllers\Pedidos_controller.php(211): App\Models\Pedidos_model->actualizar_pedido('81', Array)
#6 C:\xampp\htdocs\MultirubroBlass\system\CodeIgniter.php(832): App\Controllers\Pedidos_controller->pedido_actualizar('81')
#7 C:\xampp\htdocs\MultirubroBlass\system\CodeIgniter.php(419): CodeIgniter\CodeIgniter->runController(Object(App\Controllers\Pedidos_controller))
#8 C:\xampp\htdocs\MultirubroBlass\system\CodeIgniter.php(326): CodeIgniter\CodeIgniter->handleRequest(NULL, Object(Config\Cache), false)
#9 C:\xampp\htdocs\MultirubroBlass\index.php(45): CodeIgniter\CodeIgniter->run()
#10 {main}
CRITICAL - 2025-01-26 07:28:43 --> Undefined array key "barber_nombre"
#0 C:\xampp\htdocs\MultirubroBlass\app\Views\pedidos\pedidosCompletados.php(84): CodeIgniter\Debug\Exceptions->errorHandler(2, 'Undefined array...', 'C:\\xampp\\htdocs...', 84)
#1 C:\xampp\htdocs\MultirubroBlass\system\View\View.php(210): include('C:\\xampp\\htdocs...')
#2 C:\xampp\htdocs\MultirubroBlass\system\View\View.php(213): CodeIgniter\View\View->CodeIgniter\View\{closure}()
#3 C:\xampp\htdocs\MultirubroBlass\system\Common.php(1089): CodeIgniter\View\View->render('pedidos/pedidos...', Array, true)
#4 C:\xampp\htdocs\MultirubroBlass\app\Controllers\Pedidos_controller.php(282): view('pedidos/pedidos...', Array)
#5 C:\xampp\htdocs\MultirubroBlass\system\CodeIgniter.php(832): App\Controllers\Pedidos_controller->pedidosCompletados()
#6 C:\xampp\htdocs\MultirubroBlass\system\CodeIgniter.php(419): CodeIgniter\CodeIgniter->runController(Object(App\Controllers\Pedidos_controller))
#7 C:\xampp\htdocs\MultirubroBlass\system\CodeIgniter.php(326): CodeIgniter\CodeIgniter->handleRequest(NULL, Object(Config\Cache), false)
#8 C:\xampp\htdocs\MultirubroBlass\index.php(45): CodeIgniter\CodeIgniter->run()
#9 {main}
