ERROR - 2025-01-29 10:15:10 --> Table 'multirubro.sesiones' doesn't exist
CRITICAL - 2025-01-29 10:15:10 --> Table 'multirubro.sesiones' doesn't exist
#0 C:\xampp\htdocs\MultirubroBlass\system\Database\MySQLi\Connection.php(292): mysqli->query('UPDATE `sesione...', 0)
#1 C:\xampp\htdocs\MultirubroBlass\system\Database\BaseConnection.php(670): CodeIgniter\Database\MySQLi\Connection->execute('UPDATE `sesione...')
#2 C:\xampp\htdocs\MultirubroBlass\system\Database\BaseConnection.php(598): CodeIgniter\Database\BaseConnection->simpleQuery('UPDATE `sesione...')
#3 C:\xampp\htdocs\MultirubroBlass\system\Database\BaseBuilder.php(1913): CodeIgniter\Database\BaseConnection->query('UPDATE `sesione...', Array, false)
#4 C:\xampp\htdocs\MultirubroBlass\app\Models\Sesion_model.php(29): CodeIgniter\Database\BaseBuilder->update(Array)
#5 C:\xampp\htdocs\MultirubroBlass\app\Controllers\Login_controller.php(91): App\Models\Sesion_model->actualizar_sesion(NULL, Array)
#6 C:\xampp\htdocs\MultirubroBlass\system\CodeIgniter.php(832): App\Controllers\Login_controller->logout()
#7 C:\xampp\htdocs\MultirubroBlass\system\CodeIgniter.php(419): CodeIgniter\CodeIgniter->runController(Object(App\Controllers\Login_controller))
#8 C:\xampp\htdocs\MultirubroBlass\system\CodeIgniter.php(326): CodeIgniter\CodeIgniter->handleRequest(NULL, Object(Config\Cache), false)
#9 C:\xampp\htdocs\MultirubroBlass\index.php(45): CodeIgniter\CodeIgniter->run()
#10 {main}
ERROR - 2025-01-29 10:15:30 --> Table 'multirubro.sesiones' doesn't exist
CRITICAL - 2025-01-29 10:15:30 --> Table 'multirubro.sesiones' doesn't exist
#0 C:\xampp\htdocs\MultirubroBlass\system\Database\MySQLi\Connection.php(292): mysqli->query('INSERT INTO `se...', 0)
#1 C:\xampp\htdocs\MultirubroBlass\system\Database\BaseConnection.php(670): CodeIgniter\Database\MySQLi\Connection->execute('INSERT INTO `se...')
#2 C:\xampp\htdocs\MultirubroBlass\system\Database\BaseConnection.php(598): CodeIgniter\Database\BaseConnection->simpleQuery('INSERT INTO `se...')
#3 C:\xampp\htdocs\MultirubroBlass\system\Database\BaseBuilder.php(1771): CodeIgniter\Database\BaseConnection->query('INSERT INTO `se...', Array, false)
#4 C:\xampp\htdocs\MultirubroBlass\system\Model.php(239): CodeIgniter\Database\BaseBuilder->insert()
#5 C:\xampp\htdocs\MultirubroBlass\system\BaseModel.php(738): CodeIgniter\Model->doInsert(Array)
#6 C:\xampp\htdocs\MultirubroBlass\system\Model.php(625): CodeIgniter\BaseModel->insert(Array, false)
#7 C:\xampp\htdocs\MultirubroBlass\system\BaseModel.php(658): CodeIgniter\Model->insert(Array, false)
#8 C:\xampp\htdocs\MultirubroBlass\app\Controllers\Login_controller.php(39): CodeIgniter\BaseModel->save(Array)
#9 C:\xampp\htdocs\MultirubroBlass\system\CodeIgniter.php(832): App\Controllers\Login_controller->auth()
#10 C:\xampp\htdocs\MultirubroBlass\system\CodeIgniter.php(419): CodeIgniter\CodeIgniter->runController(Object(App\Controllers\Login_controller))
#11 C:\xampp\htdocs\MultirubroBlass\system\CodeIgniter.php(326): CodeIgniter\CodeIgniter->handleRequest(NULL, Object(Config\Cache), false)
#12 C:\xampp\htdocs\MultirubroBlass\index.php(45): CodeIgniter\CodeIgniter->run()
#13 {main}
