CRITICAL - 2025-01-23 06:27:07 --> Class "App\Controllers\venta_cabecera" not found
#0 C:\xampp\htdocs\MultirubroBlass\system\CodeIgniter.php(832): App\Controllers\Carrito_controller->verfactura('42')
#1 C:\xampp\htdocs\MultirubroBlass\system\CodeIgniter.php(419): CodeIgniter\CodeIgniter->runController(Object(App\Controllers\Carrito_controller))
#2 C:\xampp\htdocs\MultirubroBlass\system\CodeIgniter.php(326): CodeIgniter\CodeIgniter->handleRequest(NULL, Object(Config\Cache), false)
#3 C:\xampp\htdocs\MultirubroBlass\index.php(45): CodeIgniter\CodeIgniter->run()
#4 {main}
CRITICAL - 2025-01-23 06:28:26 --> Class "App\Controllers\UsuariosModel" not found
#0 C:\xampp\htdocs\MultirubroBlass\system\CodeIgniter.php(832): App\Controllers\Carrito_controller->verfactura('42')
#1 C:\xampp\htdocs\MultirubroBlass\system\CodeIgniter.php(419): CodeIgniter\CodeIgniter->runController(Object(App\Controllers\Carrito_controller))
#2 C:\xampp\htdocs\MultirubroBlass\system\CodeIgniter.php(326): CodeIgniter\CodeIgniter->handleRequest(NULL, Object(Config\Cache), false)
#3 C:\xampp\htdocs\MultirubroBlass\index.php(45): CodeIgniter\CodeIgniter->run()
#4 {main}
CRITICAL - 2025-01-23 06:29:02 --> Class "App\Controllers\Usuarios_model" not found
#0 C:\xampp\htdocs\MultirubroBlass\system\CodeIgniter.php(832): App\Controllers\Carrito_controller->verfactura('42')
#1 C:\xampp\htdocs\MultirubroBlass\system\CodeIgniter.php(419): CodeIgniter\CodeIgniter->runController(Object(App\Controllers\Carrito_controller))
#2 C:\xampp\htdocs\MultirubroBlass\system\CodeIgniter.php(326): CodeIgniter\CodeIgniter->handleRequest(NULL, Object(Config\Cache), false)
#3 C:\xampp\htdocs\MultirubroBlass\index.php(45): CodeIgniter\CodeIgniter->run()
#4 {main}
ERROR - 2025-01-23 06:29:28 --> Unknown column 'id_cabecera' in 'where clause'
CRITICAL - 2025-01-23 06:29:28 --> Unknown column 'id_cabecera' in 'where clause'
#0 C:\xampp\htdocs\MultirubroBlass\system\Database\MySQLi\Connection.php(292): mysqli->query('SELECT *\nFROM `...', 0)
#1 C:\xampp\htdocs\MultirubroBlass\system\Database\BaseConnection.php(670): CodeIgniter\Database\MySQLi\Connection->execute('SELECT *\nFROM `...')
#2 C:\xampp\htdocs\MultirubroBlass\system\Database\BaseConnection.php(598): CodeIgniter\Database\BaseConnection->simpleQuery('SELECT *\nFROM `...')
#3 C:\xampp\htdocs\MultirubroBlass\system\Database\BaseBuilder.php(1455): CodeIgniter\Database\BaseConnection->query('SELECT *\nFROM `...', Array, false)
#4 C:\xampp\htdocs\MultirubroBlass\system\Model.php(183): CodeIgniter\Database\BaseBuilder->get()
#5 C:\xampp\htdocs\MultirubroBlass\system\BaseModel.php(584): CodeIgniter\Model->doFindAll(0, 0)
#6 C:\xampp\htdocs\MultirubroBlass\app\Controllers\Carrito_controller.php(347): CodeIgniter\BaseModel->findAll()
#7 C:\xampp\htdocs\MultirubroBlass\system\CodeIgniter.php(832): App\Controllers\Carrito_controller->verfactura('42')
#8 C:\xampp\htdocs\MultirubroBlass\system\CodeIgniter.php(419): CodeIgniter\CodeIgniter->runController(Object(App\Controllers\Carrito_controller))
#9 C:\xampp\htdocs\MultirubroBlass\system\CodeIgniter.php(326): CodeIgniter\CodeIgniter->handleRequest(NULL, Object(Config\Cache), false)
#10 C:\xampp\htdocs\MultirubroBlass\index.php(45): CodeIgniter\CodeIgniter->run()
#11 {main}
CRITICAL - 2025-01-23 06:30:48 --> Undefined array key "id_usuario"
#0 C:\xampp\htdocs\MultirubroBlass\app\Controllers\Carrito_controller.php(350): CodeIgniter\Debug\Exceptions->errorHandler(2, 'Undefined array...', 'C:\\xampp\\htdocs...', 350)
#1 C:\xampp\htdocs\MultirubroBlass\system\CodeIgniter.php(832): App\Controllers\Carrito_controller->verfactura('42')
#2 C:\xampp\htdocs\MultirubroBlass\system\CodeIgniter.php(419): CodeIgniter\CodeIgniter->runController(Object(App\Controllers\Carrito_controller))
#3 C:\xampp\htdocs\MultirubroBlass\system\CodeIgniter.php(326): CodeIgniter\CodeIgniter->handleRequest(NULL, Object(Config\Cache), false)
#4 C:\xampp\htdocs\MultirubroBlass\index.php(45): CodeIgniter\CodeIgniter->run()
#5 {main}
CRITICAL - 2025-01-23 06:35:33 --> Invalid file: front/factura_compra.php
#0 C:\xampp\htdocs\MultirubroBlass\system\View\View.php(198): CodeIgniter\Exceptions\FrameworkException::forInvalidFile('front/factura_c...')
#1 C:\xampp\htdocs\MultirubroBlass\system\Common.php(1089): CodeIgniter\View\View->render('front/factura_c...', Array, true)
#2 C:\xampp\htdocs\MultirubroBlass\app\Controllers\Carrito_controller.php(360): view('front/factura_c...', Array)
#3 C:\xampp\htdocs\MultirubroBlass\system\CodeIgniter.php(832): App\Controllers\Carrito_controller->verfactura('42')
#4 C:\xampp\htdocs\MultirubroBlass\system\CodeIgniter.php(419): CodeIgniter\CodeIgniter->runController(Object(App\Controllers\Carrito_controller))
#5 C:\xampp\htdocs\MultirubroBlass\system\CodeIgniter.php(326): CodeIgniter\CodeIgniter->handleRequest(NULL, Object(Config\Cache), false)
#6 C:\xampp\htdocs\MultirubroBlass\index.php(45): CodeIgniter\CodeIgniter->run()
#7 {main}
CRITICAL - 2025-01-23 06:35:58 --> Invalid file: facturcion/factura_compra.php
#0 C:\xampp\htdocs\MultirubroBlass\system\View\View.php(198): CodeIgniter\Exceptions\FrameworkException::forInvalidFile('facturcion/fact...')
#1 C:\xampp\htdocs\MultirubroBlass\system\Common.php(1089): CodeIgniter\View\View->render('facturcion/fact...', Array, true)
#2 C:\xampp\htdocs\MultirubroBlass\app\Controllers\Carrito_controller.php(360): view('facturcion/fact...', Array)
#3 C:\xampp\htdocs\MultirubroBlass\system\CodeIgniter.php(832): App\Controllers\Carrito_controller->verfactura('42')
#4 C:\xampp\htdocs\MultirubroBlass\system\CodeIgniter.php(419): CodeIgniter\CodeIgniter->runController(Object(App\Controllers\Carrito_controller))
#5 C:\xampp\htdocs\MultirubroBlass\system\CodeIgniter.php(326): CodeIgniter\CodeIgniter->handleRequest(NULL, Object(Config\Cache), false)
#6 C:\xampp\htdocs\MultirubroBlass\index.php(45): CodeIgniter\CodeIgniter->run()
#7 {main}
CRITICAL - 2025-01-23 06:38:49 --> Class "App\Models\UsuariosModel" not found
#0 C:\xampp\htdocs\MultirubroBlass\system\CodeIgniter.php(832): App\Controllers\Carrito_controller->generarPDF('42')
#1 C:\xampp\htdocs\MultirubroBlass\system\CodeIgniter.php(419): CodeIgniter\CodeIgniter->runController(Object(App\Controllers\Carrito_controller))
#2 C:\xampp\htdocs\MultirubroBlass\system\CodeIgniter.php(326): CodeIgniter\CodeIgniter->handleRequest(NULL, Object(Config\Cache), false)
#3 C:\xampp\htdocs\MultirubroBlass\index.php(45): CodeIgniter\CodeIgniter->run()
#4 {main}
ERROR - 2025-01-23 06:39:43 --> Unknown column 'id_cabecera' in 'where clause'
CRITICAL - 2025-01-23 06:39:43 --> Unknown column 'id_cabecera' in 'where clause'
#0 C:\xampp\htdocs\MultirubroBlass\system\Database\MySQLi\Connection.php(292): mysqli->query('SELECT *\nFROM `...', 0)
#1 C:\xampp\htdocs\MultirubroBlass\system\Database\BaseConnection.php(670): CodeIgniter\Database\MySQLi\Connection->execute('SELECT *\nFROM `...')
#2 C:\xampp\htdocs\MultirubroBlass\system\Database\BaseConnection.php(598): CodeIgniter\Database\BaseConnection->simpleQuery('SELECT *\nFROM `...')
#3 C:\xampp\htdocs\MultirubroBlass\system\Database\BaseBuilder.php(1455): CodeIgniter\Database\BaseConnection->query('SELECT *\nFROM `...', Array, false)
#4 C:\xampp\htdocs\MultirubroBlass\system\Model.php(183): CodeIgniter\Database\BaseBuilder->get()
#5 C:\xampp\htdocs\MultirubroBlass\system\BaseModel.php(584): CodeIgniter\Model->doFindAll(0, 0)
#6 C:\xampp\htdocs\MultirubroBlass\app\Controllers\Carrito_controller.php(382): CodeIgniter\BaseModel->findAll()
#7 C:\xampp\htdocs\MultirubroBlass\system\CodeIgniter.php(832): App\Controllers\Carrito_controller->generarPDF('42')
#8 C:\xampp\htdocs\MultirubroBlass\system\CodeIgniter.php(419): CodeIgniter\CodeIgniter->runController(Object(App\Controllers\Carrito_controller))
#9 C:\xampp\htdocs\MultirubroBlass\system\CodeIgniter.php(326): CodeIgniter\CodeIgniter->handleRequest(NULL, Object(Config\Cache), false)
#10 C:\xampp\htdocs\MultirubroBlass\index.php(45): CodeIgniter\CodeIgniter->run()
#11 {main}
CRITICAL - 2025-01-23 06:40:16 --> Undefined array key "id_usuario"
#0 C:\xampp\htdocs\MultirubroBlass\app\Controllers\Carrito_controller.php(391): CodeIgniter\Debug\Exceptions->errorHandler(2, 'Undefined array...', 'C:\\xampp\\htdocs...', 391)
#1 C:\xampp\htdocs\MultirubroBlass\system\CodeIgniter.php(832): App\Controllers\Carrito_controller->generarPDF('42')
#2 C:\xampp\htdocs\MultirubroBlass\system\CodeIgniter.php(419): CodeIgniter\CodeIgniter->runController(Object(App\Controllers\Carrito_controller))
#3 C:\xampp\htdocs\MultirubroBlass\system\CodeIgniter.php(326): CodeIgniter\CodeIgniter->handleRequest(NULL, Object(Config\Cache), false)
#4 C:\xampp\htdocs\MultirubroBlass\index.php(45): CodeIgniter\CodeIgniter->run()
#5 {main}
CRITICAL - 2025-01-23 06:43:44 --> Trying to access array offset on value of type null
#0 C:\xampp\htdocs\MultirubroBlass\app\Views\facturacion\factura_compra.php(78): CodeIgniter\Debug\Exceptions->errorHandler(2, 'Trying to acces...', 'C:\\xampp\\htdocs...', 78)
#1 C:\xampp\htdocs\MultirubroBlass\system\View\View.php(210): include('C:\\xampp\\htdocs...')
#2 C:\xampp\htdocs\MultirubroBlass\system\View\View.php(213): CodeIgniter\View\View->CodeIgniter\View\{closure}()
#3 C:\xampp\htdocs\MultirubroBlass\system\Common.php(1089): CodeIgniter\View\View->render('facturacion/fac...', Array, true)
#4 C:\xampp\htdocs\MultirubroBlass\app\Controllers\Carrito_controller.php(360): view('facturacion/fac...', Array)
#5 C:\xampp\htdocs\MultirubroBlass\system\CodeIgniter.php(832): App\Controllers\Carrito_controller->verfactura('43')
#6 C:\xampp\htdocs\MultirubroBlass\system\CodeIgniter.php(419): CodeIgniter\CodeIgniter->runController(Object(App\Controllers\Carrito_controller))
#7 C:\xampp\htdocs\MultirubroBlass\system\CodeIgniter.php(326): CodeIgniter\CodeIgniter->handleRequest(NULL, Object(Config\Cache), false)
#8 C:\xampp\htdocs\MultirubroBlass\index.php(45): CodeIgniter\CodeIgniter->run()
#9 {main}
CRITICAL - 2025-01-23 06:45:24 --> Trying to access array offset on value of type null
#0 C:\xampp\htdocs\MultirubroBlass\app\Views\facturacion\factura_compra.php(78): CodeIgniter\Debug\Exceptions->errorHandler(2, 'Trying to acces...', 'C:\\xampp\\htdocs...', 78)
#1 C:\xampp\htdocs\MultirubroBlass\system\View\View.php(210): include('C:\\xampp\\htdocs...')
#2 C:\xampp\htdocs\MultirubroBlass\system\View\View.php(213): CodeIgniter\View\View->CodeIgniter\View\{closure}()
#3 C:\xampp\htdocs\MultirubroBlass\system\Common.php(1089): CodeIgniter\View\View->render('facturacion/fac...', Array, true)
#4 C:\xampp\htdocs\MultirubroBlass\app\Controllers\Carrito_controller.php(360): view('facturacion/fac...', Array)
#5 C:\xampp\htdocs\MultirubroBlass\system\CodeIgniter.php(832): App\Controllers\Carrito_controller->verfactura('43')
#6 C:\xampp\htdocs\MultirubroBlass\system\CodeIgniter.php(419): CodeIgniter\CodeIgniter->runController(Object(App\Controllers\Carrito_controller))
#7 C:\xampp\htdocs\MultirubroBlass\system\CodeIgniter.php(326): CodeIgniter\CodeIgniter->handleRequest(NULL, Object(Config\Cache), false)
#8 C:\xampp\htdocs\MultirubroBlass\index.php(45): CodeIgniter\CodeIgniter->run()
#9 {main}
CRITICAL - 2025-01-23 07:12:56 --> Trying to access array offset on value of type null
#0 C:\xampp\htdocs\MultirubroBlass\app\Views\facturacion\impresion_PDF.php(78): CodeIgniter\Debug\Exceptions->errorHandler(2, 'Trying to acces...', 'C:\\xampp\\htdocs...', 78)
#1 C:\xampp\htdocs\MultirubroBlass\system\View\View.php(210): include('C:\\xampp\\htdocs...')
#2 C:\xampp\htdocs\MultirubroBlass\system\View\View.php(213): CodeIgniter\View\View->CodeIgniter\View\{closure}()
#3 C:\xampp\htdocs\MultirubroBlass\system\Common.php(1089): CodeIgniter\View\View->render('facturacion/imp...', Array, true)
#4 C:\xampp\htdocs\MultirubroBlass\app\Controllers\Carrito_controller.php(396): view('facturacion/imp...', Array)
#5 C:\xampp\htdocs\MultirubroBlass\system\CodeIgniter.php(832): App\Controllers\Carrito_controller->generarPDF('49')
#6 C:\xampp\htdocs\MultirubroBlass\system\CodeIgniter.php(419): CodeIgniter\CodeIgniter->runController(Object(App\Controllers\Carrito_controller))
#7 C:\xampp\htdocs\MultirubroBlass\system\CodeIgniter.php(326): CodeIgniter\CodeIgniter->handleRequest(NULL, Object(Config\Cache), false)
#8 C:\xampp\htdocs\MultirubroBlass\index.php(45): CodeIgniter\CodeIgniter->run()
#9 {main}
CRITICAL - 2025-01-23 08:36:48 --> Undefined variable $dompdf
#0 C:\xampp\htdocs\MultirubroBlass\app\Controllers\Carrito_controller.php(407): CodeIgniter\Debug\Exceptions->errorHandler(2, 'Undefined varia...', 'C:\\xampp\\htdocs...', 407)
#1 C:\xampp\htdocs\MultirubroBlass\system\CodeIgniter.php(832): App\Controllers\Carrito_controller->generarPDF('54')
#2 C:\xampp\htdocs\MultirubroBlass\system\CodeIgniter.php(419): CodeIgniter\CodeIgniter->runController(Object(App\Controllers\Carrito_controller))
#3 C:\xampp\htdocs\MultirubroBlass\system\CodeIgniter.php(326): CodeIgniter\CodeIgniter->handleRequest(NULL, Object(Config\Cache), false)
#4 C:\xampp\htdocs\MultirubroBlass\index.php(45): CodeIgniter\CodeIgniter->run()
#5 {main}
CRITICAL - 2025-01-23 08:37:45 --> Undefined variable $dompdf
#0 C:\xampp\htdocs\MultirubroBlass\app\Controllers\Carrito_controller.php(407): CodeIgniter\Debug\Exceptions->errorHandler(2, 'Undefined varia...', 'C:\\xampp\\htdocs...', 407)
#1 C:\xampp\htdocs\MultirubroBlass\system\CodeIgniter.php(832): App\Controllers\Carrito_controller->generarPDF('54')
#2 C:\xampp\htdocs\MultirubroBlass\system\CodeIgniter.php(419): CodeIgniter\CodeIgniter->runController(Object(App\Controllers\Carrito_controller))
#3 C:\xampp\htdocs\MultirubroBlass\system\CodeIgniter.php(326): CodeIgniter\CodeIgniter->handleRequest(NULL, Object(Config\Cache), false)
#4 C:\xampp\htdocs\MultirubroBlass\index.php(45): CodeIgniter\CodeIgniter->run()
#5 {main}
CRITICAL - 2025-01-23 08:43:29 --> Undefined variable $options
#0 C:\xampp\htdocs\MultirubroBlass\app\Controllers\Carrito_controller.php(407): CodeIgniter\Debug\Exceptions->errorHandler(2, 'Undefined varia...', 'C:\\xampp\\htdocs...', 407)
#1 C:\xampp\htdocs\MultirubroBlass\system\CodeIgniter.php(832): App\Controllers\Carrito_controller->generarPDF('54')
#2 C:\xampp\htdocs\MultirubroBlass\system\CodeIgniter.php(419): CodeIgniter\CodeIgniter->runController(Object(App\Controllers\Carrito_controller))
#3 C:\xampp\htdocs\MultirubroBlass\system\CodeIgniter.php(326): CodeIgniter\CodeIgniter->handleRequest(NULL, Object(Config\Cache), false)
#4 C:\xampp\htdocs\MultirubroBlass\index.php(45): CodeIgniter\CodeIgniter->run()
#5 {main}
