CRITICAL - 2025-01-31 06:06:20 --> Undefined array key "sock"
#0 C:\xampp\htdocs\MultirubroBlass\app\Views\carrito\ProductosEnCarrito.php(111): CodeIgniter\Debug\Exceptions->errorHandler(2, 'Undefined array...', 'C:\\xampp\\htdocs...', 111)
#1 C:\xampp\htdocs\MultirubroBlass\system\View\View.php(210): include('C:\\xampp\\htdocs...')
#2 C:\xampp\htdocs\MultirubroBlass\system\View\View.php(213): CodeIgniter\View\View->CodeIgniter\View\{closure}()
#3 C:\xampp\htdocs\MultirubroBlass\system\Common.php(1089): CodeIgniter\View\View->render('carrito/Product...', Array, true)
#4 C:\xampp\htdocs\MultirubroBlass\app\Controllers\Carrito_controller.php(89): view('carrito/Product...', Array)
#5 C:\xampp\htdocs\MultirubroBlass\system\CodeIgniter.php(832): App\Controllers\Carrito_controller->productosAgregados()
#6 C:\xampp\htdocs\MultirubroBlass\system\CodeIgniter.php(419): CodeIgniter\CodeIgniter->runController(Object(App\Controllers\Carrito_controller))
#7 C:\xampp\htdocs\MultirubroBlass\system\CodeIgniter.php(326): CodeIgniter\CodeIgniter->handleRequest(NULL, Object(Config\Cache), false)
#8 C:\xampp\htdocs\MultirubroBlass\index.php(45): CodeIgniter\CodeIgniter->run()
#9 {main}
ERROR - 2025-01-31 06:43:47 --> Invalid product ID.  The product ID can only contain alpha-numeric characters, dashes, and underscores
ERROR - 2025-01-31 09:11:47 --> Invalid product ID.  The product ID can only contain alpha-numeric characters, dashes, and underscores
ERROR - 2025-01-31 09:12:07 --> Invalid product ID.  The product ID can only contain alpha-numeric characters, dashes, and underscores
ERROR - 2025-01-31 09:12:18 --> Invalid product ID.  The product ID can only contain alpha-numeric characters, dashes, and underscores
ERROR - 2025-01-31 09:12:34 --> Invalid product ID.  The product ID can only contain alpha-numeric characters, dashes, and underscores
ERROR - 2025-01-31 09:12:47 --> Invalid product ID.  The product ID can only contain alpha-numeric characters, dashes, and underscores
CRITICAL - 2025-01-31 09:29:41 --> Undefined array key "codigo_barras"
#0 C:\xampp\htdocs\MultirubroBlass\app\Views\productos\listar.php(99): CodeIgniter\Debug\Exceptions->errorHandler(2, 'Undefined array...', 'C:\\xampp\\htdocs...', 99)
#1 C:\xampp\htdocs\MultirubroBlass\system\View\View.php(210): include('C:\\xampp\\htdocs...')
#2 C:\xampp\htdocs\MultirubroBlass\system\View\View.php(213): CodeIgniter\View\View->CodeIgniter\View\{closure}()
#3 C:\xampp\htdocs\MultirubroBlass\system\Common.php(1089): CodeIgniter\View\View->render('productos/lista...', Array, true)
#4 C:\xampp\htdocs\MultirubroBlass\app\Controllers\Producto_controller.php(131): view('productos/lista...', Array)
#5 C:\xampp\htdocs\MultirubroBlass\system\CodeIgniter.php(832): App\Controllers\Producto_controller->ProductosDisp()
#6 C:\xampp\htdocs\MultirubroBlass\system\CodeIgniter.php(419): CodeIgniter\CodeIgniter->runController(Object(App\Controllers\Producto_controller))
#7 C:\xampp\htdocs\MultirubroBlass\system\CodeIgniter.php(326): CodeIgniter\CodeIgniter->handleRequest(NULL, Object(Config\Cache), false)
#8 C:\xampp\htdocs\MultirubroBlass\index.php(45): CodeIgniter\CodeIgniter->run()
#9 {main}
