CRITICAL - 2025-01-30 06:55:41 --> Undefined array key "stock"
#0 C:\xampp\htdocs\MultirubroBlass\app\Controllers\Carrito_controller.php(104): CodeIgniter\Debug\Exceptions->errorHandler(2, 'Undefined array...', 'C:\\xampp\\htdocs...', 104)
#1 C:\xampp\htdocs\MultirubroBlass\system\CodeIgniter.php(832): App\Controllers\Carrito_controller->add()
#2 C:\xampp\htdocs\MultirubroBlass\system\CodeIgniter.php(419): CodeIgniter\CodeIgniter->runController(Object(App\Controllers\Carrito_controller))
#3 C:\xampp\htdocs\MultirubroBlass\system\CodeIgniter.php(326): CodeIgniter\CodeIgniter->handleRequest(NULL, Object(Config\Cache), false)
#4 C:\xampp\htdocs\MultirubroBlass\index.php(45): CodeIgniter\CodeIgniter->run()
#5 {main}
CRITICAL - 2025-01-30 06:57:15 --> Undefined array key "stock"
#0 C:\xampp\htdocs\MultirubroBlass\app\Controllers\Carrito_controller.php(103): CodeIgniter\Debug\Exceptions->errorHandler(2, 'Undefined array...', 'C:\\xampp\\htdocs...', 103)
#1 C:\xampp\htdocs\MultirubroBlass\system\CodeIgniter.php(832): App\Controllers\Carrito_controller->add()
#2 C:\xampp\htdocs\MultirubroBlass\system\CodeIgniter.php(419): CodeIgniter\CodeIgniter->runController(Object(App\Controllers\Carrito_controller))
#3 C:\xampp\htdocs\MultirubroBlass\system\CodeIgniter.php(326): CodeIgniter\CodeIgniter->handleRequest(NULL, Object(Config\Cache), false)
#4 C:\xampp\htdocs\MultirubroBlass\index.php(45): CodeIgniter\CodeIgniter->run()
#5 {main}
CRITICAL - 2025-01-30 07:00:22 --> Undefined array key "stock"
#0 C:\xampp\htdocs\MultirubroBlass\app\Controllers\Carrito_controller.php(103): CodeIgniter\Debug\Exceptions->errorHandler(2, 'Undefined array...', 'C:\\xampp\\htdocs...', 103)
#1 C:\xampp\htdocs\MultirubroBlass\system\CodeIgniter.php(832): App\Controllers\Carrito_controller->add()
#2 C:\xampp\htdocs\MultirubroBlass\system\CodeIgniter.php(419): CodeIgniter\CodeIgniter->runController(Object(App\Controllers\Carrito_controller))
#3 C:\xampp\htdocs\MultirubroBlass\system\CodeIgniter.php(326): CodeIgniter\CodeIgniter->handleRequest(NULL, Object(Config\Cache), false)
#4 C:\xampp\htdocs\MultirubroBlass\index.php(45): CodeIgniter\CodeIgniter->run()
#5 {main}
CRITICAL - 2025-01-30 07:05:30 --> Undefined array key "stock"
#0 C:\xampp\htdocs\MultirubroBlass\app\Controllers\Carrito_controller.php(103): CodeIgniter\Debug\Exceptions->errorHandler(2, 'Undefined array...', 'C:\\xampp\\htdocs...', 103)
#1 C:\xampp\htdocs\MultirubroBlass\system\CodeIgniter.php(832): App\Controllers\Carrito_controller->add()
#2 C:\xampp\htdocs\MultirubroBlass\system\CodeIgniter.php(419): CodeIgniter\CodeIgniter->runController(Object(App\Controllers\Carrito_controller))
#3 C:\xampp\htdocs\MultirubroBlass\system\CodeIgniter.php(326): CodeIgniter\CodeIgniter->handleRequest(NULL, Object(Config\Cache), false)
#4 C:\xampp\htdocs\MultirubroBlass\index.php(45): CodeIgniter\CodeIgniter->run()
#5 {main}
